<?xml version="1.0" encoding="UTF-8"?>
<testng-results ignored="0" total="1" passed="1" failed="0" skipped="0">
  <reporter-output>
  </reporter-output>
  <suite started-at="2023-09-04T12:42:44 IST" name="Default suite" finished-at="2023-09-04T12:43:44 IST" duration-ms="60494">
    <groups>
      <group name="cucumber">
        <method signature="AbstractTestNGCucumberTests.runScenario(io.cucumber.testng.PickleWrapper,io.cucumber.testng.FeatureWrapper)[pri:0, instance:com.testRunnersTestNG.TestNGTestRunner@37313c65]" name="runScenario" class="io.cucumber.testng.AbstractTestNGCucumberTests"/>
      </group> <!-- cucumber -->
    </groups>
    <test started-at="2023-09-04T12:42:44 IST" name="Default test" finished-at="2023-09-04T12:43:44 IST" duration-ms="60494">
      <class name="com.testRunnersTestNG.TestNGTestRunner">
        <test-method is-config="true" signature="setUpClass(org.testng.ITestContext)[pri:0, instance:com.testRunnersTestNG.TestNGTestRunner@37313c65]" started-at="2023-09-04T12:42:44 IST" name="setUpClass" finished-at="2023-09-04T12:42:46 IST" duration-ms="2211" status="PASS">
          <params>
            <param index="0">
              <value>
                <![CDATA[org.testng.TestRunner@268e30d4]]>
              </value>
            </param>
          </params>
          <reporter-output>
          </reporter-output>
        </test-method> <!-- setUpClass -->
        <test-method signature="runScenario(io.cucumber.testng.PickleWrapper,io.cucumber.testng.FeatureWrapper)[pri:0, instance:com.testRunnersTestNG.TestNGTestRunner@37313c65]" started-at="2023-09-04T12:42:46 IST" name="runScenario" description="Runs Cucumber Scenarios" data-provider="scenarios" finished-at="2023-09-04T12:43:41 IST" duration-ms="55530" status="PASS">
          <params>
            <param index="0">
              <value>
                <![CDATA["Validate that elemets is present with super admin user in super admin service area management page"]]>
              </value>
            </param>
            <param index="1">
              <value>
                <![CDATA["Optional[Validate super admin service area management page functionality]"]]>
              </value>
            </param>
          </params>
          <reporter-output>
          </reporter-output>
        </test-method> <!-- runScenario -->
        <test-method is-config="true" signature="tearDownClass()[pri:0, instance:com.testRunnersTestNG.TestNGTestRunner@37313c65]" started-at="2023-09-04T12:43:41 IST" name="tearDownClass" finished-at="2023-09-04T12:43:44 IST" duration-ms="2696" status="PASS">
          <reporter-output>
          </reporter-output>
        </test-method> <!-- tearDownClass -->
      </class> <!-- com.testRunnersTestNG.TestNGTestRunner -->
    </test> <!-- Default test -->
  </suite> <!-- Default suite -->
</testng-results>
